<?xml version="1.0" encoding="UTF-8"?>
<!-- Generated by org.testng.reporters.JUnitReportReporter -->
<testsuite hostname="DESKTOP-RMB0U2J" failures="0" tests="1" name="com.Shopperstack_testScripts.Verify_user_is_able_to_add_address_or_not" time="48.621" errors="0" timestamp="2024-05-27T15:46:05 IST" skipped="0">
  <testcase classname="com.Shopperstack_testScripts.Verify_user_is_able_to_add_address_or_not" name="addAddress" time="48.621"/>
</testsuite> <!-- com.Shopperstack_testScripts.Verify_user_is_able_to_add_address_or_not -->
