<?xml version="1.0" encoding="UTF-8"?>
<!-- Generated by org.testng.reporters.JUnitReportReporter -->
<testsuite hostname="DESKTOP-RMB0U2J" failures="0" tests="1" name="com.Shopperstack_testScripts.Verify_user_is_able_to_add_address_or_not_Test" time="28.505" errors="0" timestamp="2024-05-28T11:42:06 IST" skipped="0">
  <testcase classname="com.Shopperstack_testScripts.Verify_user_is_able_to_add_address_or_not_Test" name="addAddress" time="28.505"/>
</testsuite> <!-- com.Shopperstack_testScripts.Verify_user_is_able_to_add_address_or_not_Test -->
